#
# There is insufficient memory for the Java Runtime Environment to continue.
# Native memory allocation (mmap) failed to map 266338304 bytes for G1 virtual space
# Possible reasons:
#   The system is out of physical RAM or swap space
#   The process is running with CompressedOops enabled, and the Java Heap may be blocking the growth of the native heap
# Possible solutions:
#   Reduce memory load on the system
#   Increase physical memory or swap space
#   Check if swap backing store is full
#   Decrease Java heap size (-Xmx/-Xms)
#   Decrease number of Java threads
#   Decrease Java thread stack sizes (-Xss)
#   Set larger code cache with -XX:ReservedCodeCacheSize=
#   JVM is running with Zero Based Compressed Oops mode in which the Java heap is
#     placed in the first 32GB address space. The Java Heap base address is the
#     maximum limit for the native heap growth. Please use -XX:HeapBaseMinAddress
#     to set the Java Heap base and to place the Java Heap above 32GB virtual address.
# This output file may be truncated or incomplete.
#
#  Out of Memory Error (os_windows.cpp:3760), pid=568, tid=3644
#
# JRE version:  (17.0.5+1) (build )
# Java VM: OpenJDK 64-Bit Server VM (17.0.5+1-b653.25, mixed mode, sharing, tiered, compressed oops, compressed class ptrs, g1 gc, windows-amd64)
# No core dump will be written. Minidumps are not enabled by default on client versions of Windows
#

---------------  S U M M A R Y ------------

Command Line: git4idea.http.GitAskPassApp Username for 'https://github.com': 

Host: Intel(R) Core(TM) i7-10510U CPU @ 1.80GHz, 8 cores, 15G,  Windows 11 , 64 bit Build 22621 (10.0.22621.1635)
Time: Tue Jun 13 15:30:55 2023  Windows 11 , 64 bit Build 22621 (10.0.22621.1635) elapsed time: 0.116130 seconds (0d 0h 0m 0s)

---------------  T H R E A D  ---------------

Current thread (0x0000020543b0cef0):  JavaThread "Unknown thread" [_thread_in_vm, id=3644, stack(0x0000005ef3800000,0x0000005ef3900000)]

Stack: [0x0000005ef3800000,0x0000005ef3900000]
Native frames: (J=compiled Java code, j=interpreted, Vv=VM code, C=native code)
V  [jvm.dll+0x6830ca]
V  [jvm.dll+0x83f4c4]
V  [jvm.dll+0x840c6e]
V  [jvm.dll+0x8412d3]
V  [jvm.dll+0x2490b5]
V  [jvm.dll+0x67ff99]
V  [jvm.dll+0x6744aa]
V  [jvm.dll+0x308f2b]
V  [jvm.dll+0x3103e6]
V  [jvm.dll+0x36013e]
V  [jvm.dll+0x36036f]
V  [jvm.dll+0x2df018]
V  [jvm.dll+0x2dff84]
V  [jvm.dll+0x810d91]
V  [jvm.dll+0x36df31]
V  [jvm.dll+0x7f028c]
V  [jvm.dll+0x3f0cbf]
V  [jvm.dll+0x3f2801]
C  [jli.dll+0x526b]
C  [ucrtbase.dll+0x29363]
C  [KERNEL32.DLL+0x126ad]
C  [ntdll.dll+0x5a9f8]


---------------  P R O C E S S  ---------------

Threads class SMR info:
_java_thread_list=0x00007ffc85528f98, length=0, elements={
}

Java Threads: ( => current thread )

Other Threads:
  0x0000020543b77660 GCTaskThread "GC Thread#0" [stack: 0x0000005ef3900000,0x0000005ef3a00000] [id=5448]
  0x0000020543b882a0 ConcurrentGCThread "G1 Main Marker" [stack: 0x0000005ef3a00000,0x0000005ef3b00000] [id=28196]
  0x0000020543b88e10 ConcurrentGCThread "G1 Conc#0" [stack: 0x0000005ef3b00000,0x0000005ef3c00000] [id=24432]

[error occurred during error reporting (printing all threads), id 0xc0000005, EXCEPTION_ACCESS_VIOLATION (0xc0000005) at pc=0x00007ffc84cdfbd7]

VM state: not at safepoint (not fully initialized)

VM Mutex/Monitor currently owned by a thread:  ([mutex/lock_event])
[0x0000020543b065d0] Heap_lock - owner thread: 0x0000020543b0cef0

Heap address: 0x0000000703000000, size: 4048 MB, Compressed Oops mode: Zero based, Oop shift amount: 3

CDS archive(s) mapped at: [0x0000000000000000-0x0000000000000000-0x0000000000000000), size 0, SharedBaseAddress: 0x0000000800000000, ArchiveRelocationMode: 0.
Narrow klass base: 0x0000000000000000, Narrow klass shift: 0, Narrow klass range: 0x0

GC Precious Log:
<Empty>

Heap:
 garbage-first heap   total 0K, used 0K [0x0000000703000000, 0x0000000800000000)
  region size 2048K, 0 young (0K), 0 survivors (0K)

[error occurred during error reporting (printing heap information), id 0xc0000005, EXCEPTION_ACCESS_VIOLATION (0xc0000005) at pc=0x00007ffc850ccd59]

GC Heap History (0 events):
No events

Dll operation events (1 events):
Event: 0.091 Loaded shared library C:\Program Files\JetBrains\IntelliJ IDEA Community Edition 2022.3.2\jbr\bin\java.dll

Deoptimization events (0 events):
No events

Classes unloaded (0 events):
No events

Classes redefined (0 events):
No events

Internal exceptions (0 events):
No events

VM Operations (0 events):
No events

Events (0 events):
No events


Dynamic libraries:
0x00007ff647cd0000 - 0x00007ff647cda000 	C:\Program Files\JetBrains\IntelliJ IDEA Community Edition 2022.3.2\jbr\bin\java.exe
0x00007ffcf6d50000 - 0x00007ffcf6f64000 	C:\WINDOWS\SYSTEM32\ntdll.dll
0x00007ffcf68a0000 - 0x00007ffcf6962000 	C:\WINDOWS\System32\KERNEL32.DLL
0x00007ffcf47a0000 - 0x00007ffcf4b43000 	C:\WINDOWS\System32\KERNELBASE.dll
0x00007ffcf4650000 - 0x00007ffcf4761000 	C:\WINDOWS\System32\ucrtbase.dll
0x00007ffcbf700000 - 0x00007ffcbf717000 	C:\Program Files\JetBrains\IntelliJ IDEA Community Edition 2022.3.2\jbr\bin\jli.dll
0x00007ffcf4bb0000 - 0x00007ffcf4d5b000 	C:\WINDOWS\System32\USER32.dll
0x00007ffcf4770000 - 0x00007ffcf4796000 	C:\WINDOWS\System32\win32u.dll
0x00007ffcf5b70000 - 0x00007ffcf5b99000 	C:\WINDOWS\System32\GDI32.dll
0x00007ffcf4420000 - 0x00007ffcf4538000 	C:\WINDOWS\System32\gdi32full.dll
0x00007ffcf4540000 - 0x00007ffcf45da000 	C:\WINDOWS\System32\msvcp_win.dll
0x00007ffcdac60000 - 0x00007ffcdaeee000 	C:\WINDOWS\WinSxS\amd64_microsoft.windows.common-controls_6595b64144ccf1df_6.0.22621.1635_none_270f70857386168e\COMCTL32.dll
0x00007ffcf5d30000 - 0x00007ffcf5dd7000 	C:\WINDOWS\System32\msvcrt.dll
0x00007ffcd9a40000 - 0x00007ffcd9a5b000 	C:\Program Files\JetBrains\IntelliJ IDEA Community Edition 2022.3.2\jbr\bin\VCRUNTIME140.dll
0x00007ffcf5e70000 - 0x00007ffcf5ea1000 	C:\WINDOWS\System32\IMM32.DLL
0x00007ffcda970000 - 0x00007ffcda97c000 	C:\Program Files\JetBrains\IntelliJ IDEA Community Edition 2022.3.2\jbr\bin\vcruntime140_1.dll
0x00007ffcb7ec0000 - 0x00007ffcb7f4d000 	C:\Program Files\JetBrains\IntelliJ IDEA Community Edition 2022.3.2\jbr\bin\msvcp140.dll
0x00007ffc849f0000 - 0x00007ffc8565b000 	C:\Program Files\JetBrains\IntelliJ IDEA Community Edition 2022.3.2\jbr\bin\server\jvm.dll
0x00007ffcf5c80000 - 0x00007ffcf5d2e000 	C:\WINDOWS\System32\ADVAPI32.dll
0x00007ffcf6c60000 - 0x00007ffcf6d04000 	C:\WINDOWS\System32\sechost.dll
0x00007ffcf4ec0000 - 0x00007ffcf4fd7000 	C:\WINDOWS\System32\RPCRT4.dll
0x00007ffcef7b0000 - 0x00007ffcef7b9000 	C:\WINDOWS\SYSTEM32\WSOCK32.dll
0x00007ffcf5ba0000 - 0x00007ffcf5c11000 	C:\WINDOWS\System32\WS2_32.dll
0x00007ffced010000 - 0x00007ffced044000 	C:\WINDOWS\SYSTEM32\WINMM.dll
0x00007ffcec610000 - 0x00007ffcec61a000 	C:\WINDOWS\SYSTEM32\VERSION.dll
0x00007ffcf3230000 - 0x00007ffcf3248000 	C:\WINDOWS\SYSTEM32\kernel.appcore.dll
0x00007ffcef7a0000 - 0x00007ffcef7aa000 	C:\Program Files\JetBrains\IntelliJ IDEA Community Edition 2022.3.2\jbr\bin\jimage.dll
0x00007ffcf1a00000 - 0x00007ffcf1c2e000 	C:\WINDOWS\SYSTEM32\DBGHELP.DLL
0x00007ffcf63b0000 - 0x00007ffcf6739000 	C:\WINDOWS\System32\combase.dll
0x00007ffcf6740000 - 0x00007ffcf6817000 	C:\WINDOWS\System32\OLEAUT32.dll
0x00007ffcced30000 - 0x00007ffcced62000 	C:\WINDOWS\SYSTEM32\dbgcore.DLL
0x00007ffcf43a0000 - 0x00007ffcf441b000 	C:\WINDOWS\System32\bcryptPrimitives.dll
0x00007ffcda980000 - 0x00007ffcda9a5000 	C:\Program Files\JetBrains\IntelliJ IDEA Community Edition 2022.3.2\jbr\bin\java.dll

dbghelp: loaded successfully - version: 4.0.5 - missing functions: none
symbol engine: initialized successfully - sym options: 0x614 - pdb path: .;C:\Program Files\JetBrains\IntelliJ IDEA Community Edition 2022.3.2\jbr\bin;C:\WINDOWS\SYSTEM32;C:\WINDOWS\WinSxS\amd64_microsoft.windows.common-controls_6595b64144ccf1df_6.0.22621.1635_none_270f70857386168e;C:\Program Files\JetBrains\IntelliJ IDEA Community Edition 2022.3.2\jbr\bin\server

VM Arguments:
java_command: git4idea.http.GitAskPassApp Username for 'https://github.com': 
java_class_path (initial): C:/Program Files/JetBrains/IntelliJ IDEA Community Edition 2022.3.2/plugins/vcs-git/lib/git4idea-rt.jar;C:/Program Files/JetBrains/IntelliJ IDEA Community Edition 2022.3.2/lib/externalProcess-rt.jar;C:/Program Files/JetBrains/IntelliJ IDEA Community Edition 2022.3.2/lib/app.jar;C:/Program Files/JetBrains/IntelliJ IDEA Community Edition 2022.3.2/lib/3rd-party-rt.jar
Launcher Type: SUN_STANDARD

[Global flags]
     intx CICompilerCount                          = 4                                         {product} {ergonomic}
     uint ConcGCThreads                            = 2                                         {product} {ergonomic}
     uint G1ConcRefinementThreads                  = 8                                         {product} {ergonomic}
   size_t G1HeapRegionSize                         = 2097152                                   {product} {ergonomic}
    uintx GCDrainStackTargetSize                   = 64                                        {product} {ergonomic}
   size_t InitialHeapSize                          = 266338304                                 {product} {ergonomic}
   size_t MarkStackSize                            = 4194304                                   {product} {ergonomic}
   size_t MaxHeapSize                              = 4244635648                                {product} {ergonomic}
   size_t MinHeapDeltaBytes                        = 2097152                                   {product} {ergonomic}
   size_t MinHeapSize                              = 8388608                                   {product} {ergonomic}
    uintx NonNMethodCodeHeapSize                   = 5839372                                {pd product} {ergonomic}
    uintx NonProfiledCodeHeapSize                  = 122909434                              {pd product} {ergonomic}
    uintx ProfiledCodeHeapSize                     = 122909434                              {pd product} {ergonomic}
    uintx ReservedCodeCacheSize                    = 251658240                              {pd product} {ergonomic}
     bool SegmentedCodeCache                       = true                                      {product} {ergonomic}
   size_t SoftMaxHeapSize                          = 4244635648                             {manageable} {ergonomic}
     bool UseCompressedClassPointers               = true                           {product lp64_product} {ergonomic}
     bool UseCompressedOops                        = true                           {product lp64_product} {ergonomic}
     bool UseG1GC                                  = true                                      {product} {ergonomic}
     bool UseLargePagesIndividualAllocation        = false                                  {pd product} {ergonomic}

Logging:
Log output configuration:
 #0: stdout all=warning uptime,level,tags
 #1: stderr all=off uptime,level,tags

Environment Variables:
JAVA_HOME=C:\Program Files\Java\jdk-17
PATH=C:\Program Files\Git\mingw64\libexec\git-core;C:\Program Files\Git\mingw64\libexec\git-core;C:\Program Files\Git\mingw64\bin;C:\Program Files\Git\usr\bin;C:\Users\bmteh\bin;C:\Program Files\Common Files\Oracle\Java\javapath;C:\Program Files (x86)\Common Files\Oracle\Java\javapath;C:\Program Files (x86)\Common Files\Intel\Shared Libraries\redist\intel64\compiler;C:\windows\system32;C:\windows;C:\windows\System32\Wbem;C:\windows\System32\WindowsPowerShell\v1.0;C:\windows\System32\OpenSSH;C:\Program Files (x86)\NVIDIA Corporation\PhysX\Common;C:\Program Files\NVIDIA Corporation\NVIDIA NvDLISR;C:\Program Files (x86)\Windows Live\Shared;C:\Program Files\dotnet;C:\WINDOWS\system32;C:\WINDOWS;C:\WINDOWS\System32\Wbem;C:\WINDOWS\System32\WindowsPowerShell\v1.0;C:\WINDOWS\System32\OpenSSH;C:\Program Files\Java\jdk-17\bin;C:\Program Files\Git\cmd;C:\Program Files\nodejs;C:\Users\bmteh\AppData\Local\Programs\Python\Python311\Scripts;C:\Users\bmteh\AppData\Local\Programs\Python\Python311;C:\Users\bmteh\AppData\Local\Microsoft\WindowsApps;C:\Users\bmteh\.dotnet\tools;C:\Program Files\JetBrains\IntelliJ IDEA Community Edition 2022.3.2\bin;C:\Users\bmteh\AppData\Local\Programs\Microsoft VS Code\bin;C:\Users\bmteh\AppData\Roaming\npm
USERNAME=bmteh
DISPLAY=:0.0
LC_ALL=en_US.UTF-8
TERM=xterm-256color
TMPDIR=C:\Users\bmteh\AppData\Local\Temp
OS=Windows_NT
PROCESSOR_IDENTIFIER=Intel64 Family 6 Model 142 Stepping 12, GenuineIntel
TMP=C:\Users\bmteh\AppData\Local\Temp
TEMP=C:\Users\bmteh\AppData\Local\Temp



---------------  S Y S T E M  ---------------

OS:
 Windows 11 , 64 bit Build 22621 (10.0.22621.1635)
OS uptime: 6 days 2:08 hours

CPU: total 8 (initial active 8) (4 cores per cpu, 2 threads per core) family 6 model 142 stepping 12 microcode 0xde, cx8, cmov, fxsr, ht, mmx, 3dnowpref, sse, sse2, sse3, ssse3, sse4.1, sse4.2, popcnt, lzcnt, tsc, tscinvbit, avx, avx2, aes, erms, clmul, bmi1, bmi2, adx, fma, vzeroupper, clflush, clflushopt

Memory: 4k page, system-wide physical 16187M (552M free)
TotalPageFile size 65339M (AvailPageFile size 112M)
current process WorkingSet (physical memory assigned to process): 11M, peak: 11M
current process commit charge ("private bytes"): 60M, peak: 314M

vm_info: OpenJDK 64-Bit Server VM (17.0.5+1-b653.25) for windows-amd64 JRE (17.0.5+1-b653.25), built on 2023-01-04 by "builduser" with MS VC++ 16.10 / 16.11 (VS2019)

END.
